android/app/build/intermediates/manifest_merge_blame_file/debug/manifest-merger-blame-debug-report.txt
1<?xml version="1.0" encoding="utf-8"?>
2<manifest xmlns:android="http://schemas.android.com/apk/res/android"
3    package="com.cognitointegration"
4    android:versionCode="1"
5    android:versionName="1.0" >
6
7    <uses-sdk
8        android:minSdkVersion="21"
9        android:targetSdkVersion="34" />
10
11    <uses-permission android:name="android.permission.INTERNET" />
11-->src/main/AndroidManifest.xml:3:5-67
11-->src/main/AndroidManifest.xml:3:22-64
12
13    <queries>
13-->[:aws-amplify_rtn-web-browser] AndroidManifest.xml:7:5-11:15
14        <intent>
14-->[:aws-amplify_rtn-web-browser] AndroidManifest.xml:8:9-10:18
15            <action android:name="android.support.customtabs.action.CustomTabsService" />
15-->[:aws-amplify_rtn-web-browser] AndroidManifest.xml:9:13-90
15-->[:aws-amplify_rtn-web-browser] AndroidManifest.xml:9:21-87
16        </intent>
17    </queries>
18
19    <uses-permission android:name="android.permission.ACCESS_NETWORK_STATE" />
19-->[:react-native-community_netinfo] AndroidManifest.xml:7:5-79
19-->[:react-native-community_netinfo] AndroidManifest.xml:7:22-76
20    <uses-permission android:name="android.permission.ACCESS_WIFI_STATE" />
20-->[:react-native-community_netinfo] AndroidManifest.xml:8:5-76
20-->[:react-native-community_netinfo] AndroidManifest.xml:8:22-73
21    <!--
22    This manifest file is used only by Gradle to configure debug-only capabilities
23    for React Native Apps.
24    -->
25    <uses-permission android:name="android.permission.SYSTEM_ALERT_WINDOW" />
25-->[com.facebook.react:react-android:0.73.5] AndroidManifest.xml:16:5-78
25-->[com.facebook.react:react-android:0.73.5] AndroidManifest.xml:16:22-75
26
27    <permission
27-->[androidx.core:core:1.9.0] AndroidManifest.xml:22:5-24:47
28        android:name="com.cognitointegration.DYNAMIC_RECEIVER_NOT_EXPORTED_PERMISSION"
28-->[androidx.core:core:1.9.0] AndroidManifest.xml:23:9-81
29        android:protectionLevel="signature" />
29-->[androidx.core:core:1.9.0] AndroidManifest.xml:24:9-44
30
31    <uses-permission android:name="com.cognitointegration.DYNAMIC_RECEIVER_NOT_EXPORTED_PERMISSION" />
31-->[androidx.core:core:1.9.0] AndroidManifest.xml:26:5-97
31-->[androidx.core:core:1.9.0] AndroidManifest.xml:26:22-94
32
33    <application
33-->src/main/AndroidManifest.xml:5:5-24:19
34        android:name="com.cognitointegration.MainApplication"
34-->src/main/AndroidManifest.xml:6:7-38
35        android:allowBackup="false"
35-->src/main/AndroidManifest.xml:10:7-34
36        android:appComponentFactory="androidx.core.app.CoreComponentFactory"
36-->[androidx.core:core:1.9.0] AndroidManifest.xml:28:18-86
37        android:debuggable="true"
38        android:extractNativeLibs="true"
39        android:icon="@mipmap/ic_launcher"
39-->src/main/AndroidManifest.xml:8:7-41
40        android:label="@string/app_name"
40-->src/main/AndroidManifest.xml:7:7-39
41        android:roundIcon="@mipmap/ic_launcher_round"
41-->src/main/AndroidManifest.xml:9:7-52
42        android:testOnly="true"
43        android:theme="@style/AppTheme"
43-->src/main/AndroidManifest.xml:11:7-38
44        android:usesCleartextTraffic="true" >
44-->src/debug/AndroidManifest.xml:6:9-44
45        <activity
45-->src/main/AndroidManifest.xml:12:7-23:18
46            android:name="com.cognitointegration.MainActivity"
46-->src/main/AndroidManifest.xml:13:9-37
47            android:configChanges="keyboard|keyboardHidden|orientation|screenLayout|screenSize|smallestScreenSize|uiMode"
47-->src/main/AndroidManifest.xml:15:9-118
48            android:exported="true"
48-->src/main/AndroidManifest.xml:18:9-32
49            android:label="@string/app_name"
49-->src/main/AndroidManifest.xml:14:9-41
50            android:launchMode="singleTask"
50-->src/main/AndroidManifest.xml:16:9-40
51            android:windowSoftInputMode="adjustResize" >
51-->src/main/AndroidManifest.xml:17:9-51
52            <intent-filter>
52-->src/main/AndroidManifest.xml:19:9-22:25
53                <action android:name="android.intent.action.MAIN" />
53-->src/main/AndroidManifest.xml:20:13-65
53-->src/main/AndroidManifest.xml:20:21-62
54
55                <category android:name="android.intent.category.LAUNCHER" />
55-->src/main/AndroidManifest.xml:21:13-73
55-->src/main/AndroidManifest.xml:21:23-70
56            </intent-filter>
57        </activity>
58        <activity
58-->[com.facebook.react:react-android:0.73.5] AndroidManifest.xml:19:9-21:40
59            android:name="com.facebook.react.devsupport.DevSettingsActivity"
59-->[com.facebook.react:react-android:0.73.5] AndroidManifest.xml:20:13-77
60            android:exported="false" />
60-->[com.facebook.react:react-android:0.73.5] AndroidManifest.xml:21:13-37
61
62        <provider
62-->[androidx.emoji2:emoji2:1.2.0] AndroidManifest.xml:24:9-32:20
63            android:name="androidx.startup.InitializationProvider"
63-->[androidx.emoji2:emoji2:1.2.0] AndroidManifest.xml:25:13-67
64            android:authorities="com.cognitointegration.androidx-startup"
64-->[androidx.emoji2:emoji2:1.2.0] AndroidManifest.xml:26:13-68
65            android:exported="false" >
65-->[androidx.emoji2:emoji2:1.2.0] AndroidManifest.xml:27:13-37
66            <meta-data
66-->[androidx.emoji2:emoji2:1.2.0] AndroidManifest.xml:29:13-31:52
67                android:name="androidx.emoji2.text.EmojiCompatInitializer"
67-->[androidx.emoji2:emoji2:1.2.0] AndroidManifest.xml:30:17-75
68                android:value="androidx.startup" />
68-->[androidx.emoji2:emoji2:1.2.0] AndroidManifest.xml:31:17-49
69            <meta-data
69-->[androidx.lifecycle:lifecycle-process:2.4.1] AndroidManifest.xml:31:13-33:52
70                android:name="androidx.lifecycle.ProcessLifecycleInitializer"
70-->[androidx.lifecycle:lifecycle-process:2.4.1] AndroidManifest.xml:32:17-78
71                android:value="androidx.startup" />
71-->[androidx.lifecycle:lifecycle-process:2.4.1] AndroidManifest.xml:33:17-49
72        </provider>
73
74        <meta-data
74-->[com.facebook.soloader:soloader:0.10.5] AndroidManifest.xml:12:9-14:37
75            android:name="com.facebook.soloader.enabled"
75-->[com.facebook.soloader:soloader:0.10.5] AndroidManifest.xml:13:13-57
76            android:value="false" />
76-->[com.facebook.soloader:soloader:0.10.5] AndroidManifest.xml:14:13-34
77    </application>
78
79</manifest>